app/build/outputs/mapping/release/seeds.txt
com.demo.push.MainApplication
com.demo.push.MainApplication: MainApplication()
com.demo.push.R
com.demo.push.R$anim
com.demo.push.R$anim: int abc_fade_in
com.demo.push.R$anim: int abc_fade_out
com.demo.push.R$anim: int abc_grow_fade_in_from_bottom
com.demo.push.R$anim: int abc_popup_enter
com.demo.push.R$anim: int abc_popup_exit
com.demo.push.R$anim: int abc_shrink_fade_out_from_bottom
com.demo.push.R$anim: int abc_slide_in_bottom
com.demo.push.R$anim: int abc_slide_in_top
com.demo.push.R$anim: int abc_slide_out_bottom
com.demo.push.R$anim: int abc_slide_out_top
com.demo.push.R$anim: int tooltip_enter
com.demo.push.R$anim: int tooltip_exit
com.demo.push.R$attr
com.demo.push.R$attr: int actionBarDivider
com.demo.push.R$attr: int actionBarItemBackground
com.demo.push.R$attr: int actionBarPopupTheme
com.demo.push.R$attr: int actionBarSize
com.demo.push.R$attr: int actionBarSplitStyle
com.demo.push.R$attr: int actionBarStyle
com.demo.push.R$attr: int actionBarTabBarStyle
com.demo.push.R$attr: int actionBarTabStyle
com.demo.push.R$attr: int actionBarTabTextStyle
com.demo.push.R$attr: int actionBarTheme
com.demo.push.R$attr: int actionBarWidgetTheme
com.demo.push.R$attr: int actionButtonStyle
com.demo.push.R$attr: int actionDropDownStyle
com.demo.push.R$attr: int actionLayout
com.demo.push.R$attr: int actionMenuTextAppearance
com.demo.push.R$attr: int actionMenuTextColor
com.demo.push.R$attr: int actionModeBackground
com.demo.push.R$attr: int actionModeCloseButtonStyle
com.demo.push.R$attr: int actionModeCloseDrawable
com.demo.push.R$attr: int actionModeCopyDrawable
com.demo.push.R$attr: int actionModeCutDrawable
com.demo.push.R$attr: int actionModeFindDrawable
com.demo.push.R$attr: int actionModePasteDrawable
com.demo.push.R$attr: int actionModePopupWindowStyle
com.demo.push.R$attr: int actionModeSelectAllDrawable
com.demo.push.R$attr: int actionModeShareDrawable
com.demo.push.R$attr: int actionModeSplitBackground
com.demo.push.R$attr: int actionModeStyle
com.demo.push.R$attr: int actionModeWebSearchDrawable
com.demo.push.R$attr: int actionOverflowButtonStyle
com.demo.push.R$bool
com.demo.push.R$bool: int abc_action_bar_embed_tabs
com.demo.push.R$bool: int abc_allow_stacked_button_bar
com.demo.push.R$bool: int abc_config_actionMenuItemAllCaps
com.demo.push.R$bool: int abc_config_closeDialogWhenTouchOutside
com.demo.push.R$bool: int abc_config_showMenuShortcutsWhenKeyboardPresent
com.demo.push.R$color
com.demo.push.R$color: int abc_background_cache_hint_selector_material_dark
com.demo.push.R$color: int abc_background_cache_hint_selector_material_light
com.demo.push.R$color: int abc_btn_colored_borderless_text_material
com.demo.push.R$color: int abc_btn_colored_text_material
com.demo.push.R$color: int abc_color_highlight_material
com.demo.push.R$color: int abc_hint_foreground_material_dark
com.demo.push.R$color: int abc_hint_foreground_material_light
com.demo.push.R$color: int abc_input_method_navigation_guard
com.demo.push.R$color: int abc_primary_text_disable_only_material_dark
com.demo.push.R$color: int abc_primary_text_disable_only_material_light
com.demo.push.R$color: int abc_primary_text_material_dark
com.demo.push.R$color: int abc_primary_text_material_light
com.demo.push.R$color: int abc_search_url_text
com.demo.push.R$color: int abc_search_url_text_normal
com.demo.push.R$color: int abc_search_url_text_pressed
com.demo.push.R$color: int abc_search_url_text_selected
com.demo.push.R$color: int abc_secondary_text_material_dark
com.demo.push.R$color: int abc_secondary_text_material_light
com.demo.push.R$color: int abc_tint_btn_checkable
com.demo.push.R$color: int abc_tint_default
com.demo.push.R$color: int abc_tint_edittext
com.demo.push.R$color: int abc_tint_seek_thumb
com.demo.push.R$color: int abc_tint_spinner
com.demo.push.R$color: int abc_tint_switch_track
com.demo.push.R$color: int accent_material_dark
...
com.google.android.gms.common.api.internal.zzbn
com.google.android.gms.common.api.internal.zzbn: com.google.android.gms.common.ConnectionResult zzkl
com.google.android.gms.common.api.internal.zzbn: com.google.android.gms.common.api.internal.GoogleApiManager$zzc zzkr
com.google.android.gms.common.api.internal.zzbn: zzbn(com.google.android.gms.common.api.internal.GoogleApiManager$zzc,com.google.android.gms.common.ConnectionResult)
com.google.android.gms.common.api.internal.zzbn: void run()
com.google.android.gms.common.api.internal.zzbo
com.google.android.gms.common.api.internal.zzbo: com.google.android.gms.common.api.GoogleApi zzks
com.google.android.gms.common.api.internal.zzbo: zzbo(com.google.android.gms.common.api.GoogleApi)
com.google.android.gms.common.api.internal.zzbo: com.google.android.gms.common.api.internal.BaseImplementation$ApiMethodImpl enqueue(com.google.android.gms.common.api.internal.BaseImplementation$ApiMethodImpl)
com.google.android.gms.common.api.internal.zzbo: com.google.android.gms.common.api.internal.BaseImplementation$ApiMethodImpl execute(com.google.android.gms.common.api.internal.BaseImplementation$ApiMethodImpl)
com.google.android.gms.common.api.internal.zzbo: android.os.Looper getLooper()
com.google.android.gms.common.api.internal.zzbo: void zza(com.google.android.gms.common.api.internal.zzch)
com.google.android.gms.common.api.internal.zzbo: void zzb(com.google.android.gms.common.api.internal.zzch)
com.google.android.gms.common.api.internal.zzbo: android.content.Context getContext()
com.google.android.gms.common.api.internal.zzbp
com.google.android.gms.common.api.internal.zzbp: com.google.android.gms.common.api.internal.BaseImplementation$ApiMethodImpl enqueue(com.google.android.gms.common.api.internal.BaseImplementation$ApiMethodImpl)
com.google.android.gms.common.api.internal.zzbp: com.google.android.gms.common.api.internal.BaseImplementation$ApiMethodImpl execute(com.google.android.gms.common.api.internal.BaseImplementation$ApiMethodImpl)
com.google.android.gms.common.api.internal.zzbp: void connect()
com.google.android.gms.common.api.internal.zzbp: com.google.android.gms.common.ConnectionResult blockingConnect()
com.google.android.gms.common.api.internal.zzbp: com.google.android.gms.common.ConnectionResult blockingConnect(long,java.util.concurrent.TimeUnit)
com.google.android.gms.common.api.internal.zzbp: void disconnect()
com.google.android.gms.common.api.internal.zzbp: com.google.android.gms.common.ConnectionResult getConnectionResult(com.google.android.gms.common.api.Api)
com.google.android.gms.common.api.internal.zzbp: boolean isConnected()
com.google.android.gms.common.api.internal.zzbp: boolean isConnecting()
com.google.android.gms.common.api.internal.zzbp: boolean maybeSignIn(com.google.android.gms.common.api.internal.SignInConnectionListener)
com.google.android.gms.common.api.internal.zzbp: void maybeSignOut()
com.google.android.gms.common.api.internal.zzbq
com.google.android.gms.common.api.internal.zzbq: void zzb(android.os.Bundle)
com.google.android.gms.common.api.internal.zzbq: void zzc(com.google.android.gms.common.ConnectionResult)
com.google.android.gms.common.api.internal.zzbq: void zzb(int,boolean)