app/build/outputs/mapping/release/mapping.txt
com.demo.push.MainApplication -> com.demo.push.MainApplication:
    com.ibm.mobilefirstplatform.clientsdk.android.push.api.MFPPush push -> m
    com.worklight.wlclient.api.WLClient client -> n
    20:20:void <init>() -> <init>
    27:36:void onCreate(android.os.Bundle) -> onCreate
    38:53:void mfAnalyticsInit() -> j
    56:57:void mfLiveUpdateInit() -> k
    60:64:void mfPushInit() -> l
    68:72:void onPause() -> onPause
    76:80:void onResume() -> onResume
    84:85:void mfConnect() -> m
com.demo.push.MainApplication$BaseListener -> com.demo.push.MainApplication$a:
    android.widget.TextView connectionStatusLabel -> b
    com.demo.push.MainApplication this$0 -> a
    88:88:void <init>(com.demo.push.MainApplication) -> <init>
    92:101:void changeStatusMessage(java.lang.String) -> a
    88:88:android.widget.TextView access$000(com.demo.push.MainApplication$BaseListener) -> a
com.demo.push.MainApplication$BaseListener$1 -> com.demo.push.MainApplication$a$1:
    java.lang.String val$text -> a
    com.demo.push.MainApplication$BaseListener this$1 -> b
    95:95:void <init>(com.demo.push.MainApplication$BaseListener,java.lang.String) -> <init>
    98:99:void run() -> run
com.demo.push.MainApplication$ConnectListener -> com.demo.push.MainApplication$b:
    com.demo.push.MainApplication this$0 -> b
    104:104:void <init>(com.demo.push.MainApplication) -> <init>
    107:109:void onSuccess(com.worklight.wlclient.auth.AccessToken) -> a
    112:114:void onFailure(com.worklight.wlclient.api.WLFailResponse) -> a
com.demo.push.MainApplication$LiveUpdateListener -> com.demo.push.MainApplication$c:
    com.demo.push.MainApplication this$0 -> b
    139:139:void <init>(com.demo.push.MainApplication) -> <init>
    143:150:void onSuccess(com.worklight.ibmmobilefirstplatformfoundationliveupdate.api.Configuration) -> a
    154:155:void onFailure(com.worklight.wlclient.api.WLFailResponse) -> a
com.demo.push.MainApplication$PushListener -> com.demo.push.MainApplication$d:
    com.demo.push.MainApplication this$0 -> b
    117:117:void <init>(com.demo.push.MainApplication) -> <init>
    120:121:void onSuccess(java.lang.String) -> b
    125:126:void onSuccess(org.json.JSONObject) -> a
    130:131:void onFailure(com.ibm.mobilefirstplatform.clientsdk.android.push.api.MFPPushException) -> a
    135:136:void onReceive(com.ibm.mobilefirstplatform.clientsdk.android.push.api.MFPSimplePushNotification) -> a
    117:117:void onSuccess(java.lang.Object) -> a
com.demo.push.R -> com.demo.push.R:
    10:10:void <init>() -> <init>
com.demo.push.R$anim -> com.demo.push.R$anim:
    int abc_fade_in -> abc_fade_in
    int abc_fade_out -> abc_fade_out
    int abc_grow_fade_in_from_bottom -> abc_grow_fade_in_from_bottom
    int abc_popup_enter -> abc_popup_enter
    int abc_popup_exit -> abc_popup_exit
    int abc_shrink_fade_out_from_bottom -> abc_shrink_fade_out_from_bottom
    int abc_slide_in_bottom -> abc_slide_in_bottom
    int abc_slide_in_top -> abc_slide_in_top
    int abc_slide_out_bottom -> abc_slide_out_bottom
    int abc_slide_out_top -> abc_slide_out_top
    int tooltip_enter -> tooltip_enter
    int tooltip_exit -> tooltip_exit
    11:11:void <init>() -> <init>
...
android.support.v4.app.RemoteInput$ImplApi20 -> android.support.v4.a.aj$b:
    369:369:void <init>() -> <init>
android.support.v4.app.RemoteInput$ImplBase -> android.support.v4.a.aj$c:
    316:316:void <init>() -> <init>
android.support.v4.app.RemoteInput$ImplJellybean -> android.support.v4.a.aj$d:
    343:343:void <init>() -> <init>
android.support.v4.app.RemoteInputCompatApi20 -> android.support.v4.a.ak:
    51:64:android.app.RemoteInput[] fromCompat(android.support.v4.app.RemoteInputCompatBase$RemoteInput[]) -> a
android.support.v4.app.RemoteInputCompatBase -> android.support.v4.a.al:
android.support.v4.app.RemoteInputCompatBase$RemoteInput -> android.support.v4.a.al$a:
    java.lang.String getResultKey() -> a
    java.lang.CharSequence getLabel() -> b
    java.lang.CharSequence[] getChoices() -> c
    boolean getAllowFreeFormInput() -> e
    android.os.Bundle getExtras() -> f
    java.util.Set getAllowedDataTypes() -> d
android.support.v4.app.RemoteInputCompatBase$RemoteInput$Factory -> android.support.v4.a.al$a$a:
android.support.v4.app.RemoteInputCompatJellybean -> android.support.v4.a.am:
    63:78:android.os.Bundle toBundle(android.support.v4.app.RemoteInputCompatBase$RemoteInput) -> a
    94:101:android.os.Bundle[] toBundleArray(android.support.v4.app.RemoteInputCompatBase$RemoteInput[]) -> a
android.support.v4.app.ShareCompat -> android.support.v4.a.an:
android.support.v4.app.ShareCompat$IntentBuilder -> android.support.v4.a.an$a:
    android.app.Activity mActivity -> a
    android.content.Intent mIntent -> b
    java.util.ArrayList mToAddresses -> c
    java.util.ArrayList mCcAddresses -> d
    java.util.ArrayList mBccAddresses -> e
    java.util.ArrayList mStreams -> f
    210:210:android.support.v4.app.ShareCompat$IntentBuilder from(android.app.Activity) -> a
    213:219:void <init>(android.app.Activity) -> <init>
    231:271:android.content.Intent getIntent() -> a
    279:287:void combineArrayExtra(java.lang.String,java.util.ArrayList) -> a
    353:354:android.support.v4.app.ShareCompat$IntentBuilder setType(java.lang.String) -> a
    366:367:android.support.v4.app.ShareCompat$IntentBuilder setText(java.lang.CharSequence) -> a
    567:568:android.support.v4.app.ShareCompat$IntentBuilder setSubject(java.lang.String) -> b
android.support.v4.app.SharedElementCallback -> android.support.v4.a.ao:
    int MAX_IMAGE_SIZE -> a
    78:78:void onSharedElementStart(java.util.List,java.util.List,java.util.List) -> a
    109:109:void onSharedElementEnd(java.util.List,java.util.List,java.util.List) -> b
    144:144:void onMapSharedElements(java.util.List,java.util.Map) -> a
    44:44:void <clinit>() -> <clinit>
android.support.v4.app.SuperNotCalledException -> android.support.v4.a.ap:
    23:24:void <init>(java.lang.String) -> <init>
android.support.v4.app.SupportActivity -> android.support.v4.a.aq:
    android.support.v4.util.SimpleArrayMap mExtraDataMap -> a
    android.arch.lifecycle.LifecycleRegistry mLifecycleRegistry -> b
    38:96:void <init>() -> <init>
    66:68:void onCreate(android.os.Bundle) -> onCreate
    73:75:void onSaveInstanceState(android.os.Bundle) -> onSaveInstanceState
    90:90:android.arch.lifecycle.Lifecycle getLifecycle() -> getLifecycle