app/build/outputs/mapping/release/usage.txt
com.demo.push.BuildConfig
com.demo.push.Manifest
com.demo.push.Manifest$permission
...
android.support.v4.content.ModernAsyncTask
android.support.v4.content.ModernAsyncTask$1
android.support.v4.content.ModernAsyncTask$2
android.support.v4.content.ModernAsyncTask$3
android.support.v4.content.ModernAsyncTask$4
android.support.v4.content.ModernAsyncTask$AsyncTaskResult
android.support.v4.content.ModernAsyncTask$InternalHandler
android.support.v4.content.ModernAsyncTask$Status
android.support.v4.content.ModernAsyncTask$WorkerRunnable
android.support.v4.content.ParallelExecutorCompat
android.support.v4.content.PermissionChecker:
    public static final int PERMISSION_GRANTED
    public static final int PERMISSION_DENIED
    public static final int PERMISSION_DENIED_APP_OP
    75:77:private PermissionChecker()
android.support.v4.content.PermissionChecker$PermissionResult
android.support.v4.content.SharedPreferencesCompat
android.support.v4.content.SharedPreferencesCompat$EditorCompat
android.support.v4.content.SharedPreferencesCompat$EditorCompat$Helper
android.support.v4.content.pm.ActivityInfoCompat
android.support.v4.content.pm.ShortcutInfoCompat
android.support.v4.content.pm.ShortcutInfoCompat$1
android.support.v4.content.pm.ShortcutInfoCompat$Builder
android.support.v4.content.pm.ShortcutManagerCompat
android.support.v4.content.pm.ShortcutManagerCompat$1
android.support.v4.content.res.ConfigurationHelper
android.support.v4.content.res.FontResourcesParserCompat:
    private static final int NORMAL_WEIGHT
    private static final int ITALIC
    public static final int FETCH_STRATEGY_BLOCKING
    public static final int FETCH_STRATEGY_ASYNC
    public static final int INFINITE_TIMEOUT_VALUE
    private static final int DEFAULT_TIMEOUT_MILLIS
    49:135:public FontResourcesParserCompat()
android.support.v4.content.res.FontResourcesParserCompat$FetchStrategy
android.support.v4.content.res.ResourcesCompat:
    private static final java.lang.String TAG
    108:113:public static android.graphics.drawable.Drawable getDrawableForDensity(android.content.res.Resources,int,int,android.content.res.Resources$Theme)
    138:141:public static int getColor(android.content.res.Resources,int,android.content.res.Resources$Theme)
    168:171:public static android.content.res.ColorStateList getColorStateList(android.content.res.Resources,int,android.content.res.Resources$Theme)
    193:196:public static android.graphics.Typeface getFont(android.content.Context,int)
    261:261:private ResourcesCompat()
android.support.v4.content.res.TypedArrayUtils:
    private static final java.lang.String NAMESPACE
    46:46:public TypedArrayUtils()
    195:196:public static boolean getBoolean(android.content.res.TypedArray,int,int,boolean)
    205:209:public static android.graphics.drawable.Drawable getDrawable(android.content.res.TypedArray,int,int)
    218:219:public static int getInt(android.content.res.TypedArray,int,int,int)
    229:230:public static int getResourceId(android.content.res.TypedArray,int,int,int)
    239:243:public static java.lang.String getString(android.content.res.TypedArray,int,int)
    254:258:public static java.lang.CharSequence getText(android.content.res.TypedArray,int,int)
    269:273:public static java.lang.CharSequence[] getTextArray(android.content.res.TypedArray,int,int)
    281:286:public static int getAttr(android.content.Context,int,int)
android.support.v4.database.DatabaseUtilsCompat
android.support.v4.graphics.BitmapCompat
android.support.v4.graphics.BitmapCompat$BitmapCompatApi18Impl
android.support.v4.graphics.BitmapCompat$BitmapCompatApi19Impl
android.support.v4.graphics.BitmapCompat$BitmapCompatBaseImpl